app/proguard/seeds.txt
tk.djcrazy.MyCC98.BaseActivity: BaseActivity()
tk.djcrazy.MyCC98.BaseFragmentActivity: BaseFragmentActivity()
tk.djcrazy.MyCC98.BaseSlidingFragmentActivity: BaseSlidingFragmentActivity()
tk.djcrazy.MyCC98.EditActivity
tk.djcrazy.MyCC98.EditActivity: tk.djcrazy.libCC98.ICC98Service service
tk.djcrazy.MyCC98.EditActivity: tk.djcrazy.libCC98.ICC98UrlManager manager
tk.djcrazy.MyCC98.EditActivity: EditActivity()
tk.djcrazy.MyCC98.EditActivity: void onClick(android.view.View)
tk.djcrazy.MyCC98.EditActivity$PushReplyTask: tk.djcrazy.libCC98.ICC98Service mService
tk.djcrazy.MyCC98.EditActivity$SendPMTask: tk.djcrazy.libCC98.ICC98Service mService
tk.djcrazy.MyCC98.EditActivity$UpLoadPictureTask: tk.djcrazy.libCC98.ICC98Service mService
tk.djcrazy.MyCC98.HomeActivity
tk.djcrazy.MyCC98.HomeActivity: tk.djcrazy.libCC98.ICC98Service service
tk.djcrazy.MyCC98.HomeActivity: HomeActivity()
tk.djcrazy.MyCC98.LoginActivity
tk.djcrazy.MyCC98.LoginActivity: tk.djcrazy.libCC98.ICC98Service service
tk.djcrazy.MyCC98.LoginActivity: LoginActivity()
tk.djcrazy.MyCC98.LoginActivity: void onClick(android.view.View)
tk.djcrazy.MyCC98.PmActivity
tk.djcrazy.MyCC98.PmActivity: tk.djcrazy.libCC98.ICC98Service service
tk.djcrazy.MyCC98.PmActivity: PmActivity()
tk.djcrazy.MyCC98.PmViewActivity
tk.djcrazy.MyCC98.PmViewActivity: tk.djcrazy.libCC98.ICC98Service service
tk.djcrazy.MyCC98.PmViewActivity: PmViewActivity()
tk.djcrazy.MyCC98.PostContentsJSActivity
tk.djcrazy.MyCC98.PostContentsJSActivity: int LAST_PAGE
tk.djcrazy.MyCC98.PostContentsJSActivity: tk.djcrazy.libCC98.ICC98Service service
tk.djcrazy.MyCC98.PostContentsJSActivity: PostContentsJSActivity()
tk.djcrazy.MyCC98.PostContentsJSActivity: android.content.Intent createIntent(java.lang.String,java.lang.String,int)
tk.djcrazy.MyCC98.PostContentsJSActivity: android.content.Intent createIntent(java.lang.String,java.lang.String)
tk.djcrazy.MyCC98.PostContentsJSActivity: void onCreate(android.os.Bundle)
tk.djcrazy.MyCC98.PostContentsJSActivity: void onPause()
tk.djcrazy.MyCC98.PostContentsJSActivity: void onResume()
tk.djcrazy.MyCC98.PostContentsJSActivity: boolean onCreateOptionsMenu(com.actionbarsherlock.view.Menu)
tk.djcrazy.MyCC98.PostContentsJSActivity: boolean onOptionsItemSelected(com.actionbarsherlock.view.MenuItem)
tk.djcrazy.MyCC98.PostContentsJSActivity: void jumpTo(int)
tk.djcrazy.MyCC98.PostContentsJSActivity: void prevPage()
tk.djcrazy.MyCC98.PostContentsJSActivity: void refreshPage()
tk.djcrazy.MyCC98.PostContentsJSActivity: void nextPage()
tk.djcrazy.MyCC98.PostContentsJSActivity: void jumpDialog()
tk.djcrazy.MyCC98.PostContentsJSActivity: void reply()
tk.djcrazy.MyCC98.PostContentsJSActivity: void showContentDialog(int,int)
tk.djcrazy.MyCC98.PostContentsJSActivity: void onActivityResult(int,int,android.content.Intent)
tk.djcrazy.MyCC98.PostContentsJSActivity: void synCookies()
tk.djcrazy.MyCC98.PostListActivity
tk.djcrazy.MyCC98.PostListActivity: tk.djcrazy.libCC98.ICC98Service service
tk.djcrazy.MyCC98.PostListActivity: PostListActivity()
tk.djcrazy.MyCC98.PostSearchActivity
tk.djcrazy.MyCC98.PostSearchActivity: tk.djcrazy.libCC98.ICC98Service service
tk.djcrazy.MyCC98.PostSearchActivity: PostSearchActivity()
tk.djcrazy.MyCC98.PreviewActivity
tk.djcrazy.MyCC98.PreviewActivity: PreviewActivity()
tk.djcrazy.MyCC98.ProfileActivity
tk.djcrazy.MyCC98.ProfileActivity: tk.djcrazy.libCC98.ICC98Service service
tk.djcrazy.MyCC98.ProfileActivity: ProfileActivity()
...
org.apache.commons.lang3.tuple.ImmutablePair
org.apache.commons.lang3.tuple.MutablePair
org.apache.commons.lang3.tuple.Pair
roboguice.RoboGuice
roboguice.RoboGuice: com.google.inject.Stage DEFAULT_STAGE
roboguice.RoboGuice: java.util.WeakHashMap injectors
roboguice.RoboGuice: java.util.WeakHashMap resourceListeners
roboguice.RoboGuice: java.util.WeakHashMap viewListeners
roboguice.RoboGuice: int modulesResourceId
roboguice.RoboGuice: RoboGuice()
roboguice.RoboGuice: com.google.inject.Injector getBaseApplicationInjector(android.app.Application)
roboguice.RoboGuice: com.google.inject.Injector setBaseApplicationInjector(android.app.Application,com.google.inject.Stage,com.google.inject.Module[])
roboguice.RoboGuice: void setModulesResourceId(int)
roboguice.RoboGuice: com.google.inject.Injector setBaseApplicationInjector(android.app.Application,com.google.inject.Stage)
roboguice.RoboGuice: roboguice.inject.RoboInjector getInjector(android.content.Context)
roboguice.RoboGuice: java.lang.Object injectMembers(android.content.Context,java.lang.Object)
roboguice.RoboGuice: roboguice.config.DefaultRoboModule newDefaultRoboModule(android.app.Application)
roboguice.RoboGuice: roboguice.inject.ResourceListener getResourceListener(android.app.Application)
roboguice.RoboGuice: roboguice.inject.ViewListener getViewListener(android.app.Application)
roboguice.RoboGuice: void destroyInjector(android.content.Context)
roboguice.RoboGuice: void <clinit>()
roboguice.RoboGuice$1
roboguice.RoboGuice$1: android.app.Application val$application
roboguice.RoboGuice$1: RoboGuice$1(android.app.Application)
roboguice.RoboGuice$1: java.lang.Void visit(com.google.inject.spi.StaticInjectionRequest)
roboguice.RoboGuice$1: java.lang.Object visit(com.google.inject.spi.StaticInjectionRequest)
roboguice.RoboGuice$util
roboguice.RoboGuice$util: RoboGuice$util()
roboguice.RoboGuice$util: void reset()
roboguice.activity.RoboAccountAuthenticatorActivity
roboguice.activity.RoboAccountAuthenticatorActivity: roboguice.event.EventManager eventManager
roboguice.activity.RoboAccountAuthenticatorActivity: java.util.HashMap scopedObjects
roboguice.activity.RoboAccountAuthenticatorActivity: roboguice.inject.ContentViewListener ignored
roboguice.activity.RoboAccountAuthenticatorActivity: RoboAccountAuthenticatorActivity()
roboguice.activity.RoboAccountAuthenticatorActivity: void onCreate(android.os.Bundle)
roboguice.activity.RoboAccountAuthenticatorActivity: void onRestart()
roboguice.activity.RoboAccountAuthenticatorActivity: void onStart()
roboguice.activity.RoboAccountAuthenticatorActivity: void onResume()
roboguice.activity.RoboAccountAuthenticatorActivity: void onPause()
roboguice.activity.RoboAccountAuthenticatorActivity: void onNewIntent(android.content.Intent)
roboguice.activity.RoboAccountAuthenticatorActivity: void onStop()
roboguice.activity.RoboAccountAuthenticatorActivity: void onDestroy()
roboguice.activity.RoboAccountAuthenticatorActivity: void onConfigurationChanged(android.content.res.Configuration)
roboguice.activity.RoboAccountAuthenticatorActivity: void onContentChanged()
roboguice.activity.RoboAccountAuthenticatorActivity: void onActivityResult(int,int,android.content.Intent)
roboguice.activity.RoboAccountAuthenticatorActivity: java.util.Map getScopedObjectMap()