app/proguard/mapping.txt
tk.djcrazy.MyCC98.BaseActivity -> tk.djcrazy.MyCC98.a:
    10:12:void onResume() -> onResume
    16:18:void onPause() -> onPause
tk.djcrazy.MyCC98.BaseFragmentActivity -> tk.djcrazy.MyCC98.b:
    10:12:void onResume() -> onResume
    16:18:void onPause() -> onPause
tk.djcrazy.MyCC98.BaseSlidingFragmentActivity -> tk.djcrazy.MyCC98.c:
    10:12:void onResume() -> onResume
    16:18:void onPause() -> onPause
tk.djcrazy.MyCC98.EditActivity -> tk.djcrazy.MyCC98.EditActivity:
    java.lang.String TAIL -> c
    java.lang.String appendTail -> d
    java.io.File PHOTO_DIR -> e
    int requestType -> f
    java.lang.String boardID -> g
    java.lang.String boardName -> h
    java.lang.String postId -> i
    java.lang.String postName -> j
    java.lang.String replyUserName -> k
    java.lang.String replyUserPostTime -> l
    java.lang.String replyUserPostContent -> m
    int quoteFloorNumber -> n
    int quotePageNumber -> o
    java.lang.String pmReplyName -> p
    java.lang.String pmReplyTopic -> q
    java.lang.String pmReplyContent -> r
    android.widget.EditText replyTitleEditText -> s
    android.widget.EditText replyContentEditText -> t
    android.widget.RadioGroup faceRadioGroup -> u
    android.widget.ImageView mPhotoBtn -> v
    android.widget.ImageView mCameraBtn -> w
    android.widget.ImageView mEmotionBtn -> x
    android.widget.ImageView mAtBtn -> y
    android.widget.Button mSubmitBtn -> z
    android.widget.GridView mEmotionGrid -> A
    android.widget.Button mDeleteBtn -> B
    java.lang.String editContent -> C
    java.lang.String editTopic -> D
    java.io.File mCurrentPhotoFile -> E
    java.lang.String faceGroupChooseString -> F
    java.lang.String picLink -> G
    tk.djcrazy.libCC98.ICC98Service service -> service
    tk.djcrazy.libCC98.ICC98UrlManager manager -> manager
    android.text.Html$ImageGetter getter -> H
    int[] emotions -> I
tk.djcrazy.MyCC98.EditActivity$1 -> tk.djcrazy.MyCC98.d:
    tk.djcrazy.MyCC98.EditActivity this$0 -> a
    159:165:android.graphics.drawable.Drawable getDrawable(java.lang.String) -> getDrawable
tk.djcrazy.MyCC98.EditActivity$3 -> tk.djcrazy.MyCC98.e:
    tk.djcrazy.MyCC98.EditActivity this$0 -> a
    java.lang.String val$contentString -> b
    java.lang.String val$titleString -> c
    314:324:void onClick(android.content.DialogInterface,int) -> onClick
tk.djcrazy.MyCC98.EditActivity$4 -> tk.djcrazy.MyCC98.f:
    tk.djcrazy.MyCC98.EditActivity this$0 -> a
    java.lang.String val$contentString -> b
    java.lang.String val$titleString -> c
    329:333:void onClick(android.content.DialogInterface,int) -> onClick
tk.djcrazy.MyCC98.EditActivity$5 -> tk.djcrazy.MyCC98.g:
    tk.djcrazy.MyCC98.EditActivity this$0 -> a
    360:361:void onFocusChange(android.view.View,boolean) -> onFocusChange
tk.djcrazy.MyCC98.EditActivity$6 -> tk.djcrazy.MyCC98.h:
    tk.djcrazy.MyCC98.EditActivity this$0 -> a
    367:368:void onFocusChange(android.view.View,boolean) -> onFocusChange
tk.djcrazy.MyCC98.EditActivity$7 -> tk.djcrazy.MyCC98.i:
    tk.djcrazy.MyCC98.EditActivity this$0 -> a
    375:380:void onItemClick(android.widget.AdapterView,android.view.View,int,long) -> onItemClick
tk.djcrazy.MyCC98.EditActivity$8 -> tk.djcrazy.MyCC98.j:
    tk.djcrazy.MyCC98.EditActivity this$0 -> a
    387:458:void onCheckedChanged(android.widget.RadioGroup,int) -> onCheckedChanged
tk.djcrazy.MyCC98.EditActivity$9 -> tk.djcrazy.MyCC98.k:
    tk.djcrazy.MyCC98.EditActivity this$0 -> a
    491:492:void run() -> run
...
com.google.inject.internal.TypeConverterBindingProcessor$1 -> com.google.inject.internal.TypeConverterBindingProcessor$1:
    com.google.inject.internal.TypeConverterBindingProcessor this$0 -> this$0
    58:62:java.lang.Object convert(java.lang.String,com.google.inject.TypeLiteral) -> convert
    66:66:java.lang.String toString() -> toString
com.google.inject.internal.TypeConverterBindingProcessor$2 -> com.google.inject.internal.TypeConverterBindingProcessor$2:
    com.google.inject.internal.TypeConverterBindingProcessor this$0 -> this$0
    73:73:java.lang.Object convert(java.lang.String,com.google.inject.TypeLiteral) -> convert
    77:77:java.lang.String toString() -> toString
com.google.inject.internal.TypeConverterBindingProcessor$3 -> com.google.inject.internal.TypeConverterBindingProcessor$3:
    com.google.inject.internal.TypeConverterBindingProcessor this$0 -> this$0
    84:84:boolean matches(com.google.inject.TypeLiteral) -> matches
    88:88:java.lang.String toString() -> toString
    82:82:boolean matches(java.lang.Object) -> matches
com.google.inject.internal.TypeConverterBindingProcessor$4 -> com.google.inject.internal.TypeConverterBindingProcessor$4:
    com.google.inject.internal.TypeConverterBindingProcessor this$0 -> this$0
    95:97:java.lang.Object convert(java.lang.String,com.google.inject.TypeLiteral) -> convert
    102:102:java.lang.String toString() -> toString
com.google.inject.internal.TypeConverterBindingProcessor$5 -> com.google.inject.internal.TypeConverterBindingProcessor$5:
    java.lang.reflect.Method val$parser -> val$parser
    java.lang.Class val$wrapperType -> val$wrapperType
    com.google.inject.internal.TypeConverterBindingProcessor this$0 -> this$0
    120:124:java.lang.Object convert(java.lang.String,com.google.inject.TypeLiteral) -> convert
    129:129:java.lang.String toString() -> toString
com.google.inject.internal.TypeConverterBindingProcessor$6 -> com.google.inject.internal.TypeConverterBindingProcessor$6:
    com.google.inject.matcher.Matcher val$typeMatcher -> val$typeMatcher
    com.google.inject.internal.TypeConverterBindingProcessor this$0 -> this$0
    147:152:boolean matches(com.google.inject.TypeLiteral) -> matches
    156:156:java.lang.String toString() -> toString
    145:145:boolean matches(java.lang.Object) -> matches
com.google.inject.internal.TypeListenerBindingProcessor -> com.google.inject.internal.TypeListenerBindingProcessor:
    33:34:java.lang.Boolean visit(com.google.inject.spi.TypeListenerBinding) -> visit
    26:26:java.lang.Object visit(com.google.inject.spi.TypeListenerBinding) -> visit
com.google.inject.internal.UniqueAnnotations -> com.google.inject.internal.UniqueAnnotations:
    java.util.concurrent.atomic.AtomicInteger nextUniqueValue -> nextUniqueValue
    37:37:java.lang.annotation.Annotation create() -> create
    41:41:java.lang.annotation.Annotation create(int) -> create
com.google.inject.internal.UniqueAnnotations$1 -> com.google.inject.internal.UniqueAnnotations$1:
    int val$value -> val$value
    43:43:int value() -> value
    47:47:java.lang.Class annotationType() -> annotationType
    51:51:java.lang.String toString() -> toString
    55:55:boolean equals(java.lang.Object) -> equals
    60:60:int hashCode() -> hashCode
com.google.inject.internal.UniqueAnnotations$Internal -> com.google.inject.internal.UniqueAnnotations$Internal:
    int value() -> value