app/proguard/usage.txt
tk.djcrazy.MyCC98.BuildConfig
tk.djcrazy.MyCC98.EditActivity:
    public static final int REQUEST_REPLY
    public static final int REQUEST_QUOTE_REPLY
    public static final int REQUEST_NEW_POST
    public static final int REQUEST_PM
    public static final int REQUEST_EDIT
    private static final java.lang.String TAG
    private static final int TITLE_MAX_LENGTH
    private static final int CONTENT_MAX_LENGTH
    private static final int CAMERA_WITH_DATA
    private static final int PHOTO_PICKED_WITH_DATA
    private static final long MAX_IMAGE_SIZE_IN_BYTE
    private static final int MENU_REPLY_ID
    private boolean isQuoteUser
    private android.view.View mContainer
    203:208:private void lockContainerHeight(int)
    211:216:public void unlockContainerHeightDelayed()
    144:144:static synthetic android.view.View access$4(tk.djcrazy.MyCC98.EditActivity)
tk.djcrazy.MyCC98.EditActivity$2
tk.djcrazy.MyCC98.HomeActivity:
    private static final java.lang.String UPDATE_LINK
    private static final java.lang.String TAG
    public static final java.lang.String USERINFO
    public static final java.lang.String AUTOLOGIN
    142:143:public void refresh()
    175:177:public void onLoadComplete(int)
    181:181:public void onLoadFailure(int)
tk.djcrazy.MyCC98.LoginActivity:
    private static final java.lang.String TAG
    public static final boolean IS_LIFETOY_VERSION
    public static final java.lang.String USERNAME
    public static final java.lang.String PASSWORD32
    public static final java.lang.String PASSWORD16
    public static final java.lang.String PASSWORD
    public static final java.lang.String USERINFO
    public static final java.lang.String AUTOLOGIN
    public static final java.lang.String REMEMBERPWD
    private static final java.lang.String AUTHINFO
tk.djcrazy.MyCC98.PmViewActivity:
    private static final int MENU_REPLY_ID
    206:209:public void preview(java.lang.String)
tk.djcrazy.MyCC98.PostContentsJSActivity:
    private static final java.lang.String TAG
    private static final java.lang.String JS_INTERFACE
tk.djcrazy.MyCC98.PostListActivity:
    private static final java.lang.String TAG
tk.djcrazy.MyCC98.PostSearchActivity:
    public static final java.lang.String BOARD_ID
    public static final java.lang.String BOARD_NAME
    public static final java.lang.String SEARCH_TYPE
    public static final java.lang.String SEARCH_TYPE_TITLE
    public static final java.lang.String SEARCH_TYPE_AUTHOR
    private static final int FETCH_SUCC
    private static final int NOTFOUND
    private static final int FETCH_ERROR
tk.djcrazy.MyCC98.PreviewActivity:
    public static final java.lang.String CONTENT
tk.djcrazy.MyCC98.ProfileActivity:
    private static final int MENU_SEND_MESSAGE_ID
    private static final java.lang.String USER_NAME
tk.djcrazy.MyCC98.R
tk.djcrazy.MyCC98.R$anim
tk.djcrazy.MyCC98.R$array
tk.djcrazy.MyCC98.R$attr
tk.djcrazy.MyCC98.R$bool
tk.djcrazy.MyCC98.R$color
tk.djcrazy.MyCC98.R$dimen
tk.djcrazy.MyCC98.R$drawable
tk.djcrazy.MyCC98.R$id
tk.djcrazy.MyCC98.R$integer
tk.djcrazy.MyCC98.R$interpolator
tk.djcrazy.MyCC98.R$layout
tk.djcrazy.MyCC98.R$menu
tk.djcrazy.MyCC98.R$string
tk.djcrazy.MyCC98.R$style
tk.djcrazy.MyCC98.R$styleable
tk.djcrazy.MyCC98.R$xml
tk.djcrazy.MyCC98.SettingsActivity:
    public static final java.lang.String SETTINGS
    public static final java.lang.String SHOW_TAIL
    public static final java.lang.String ENABLE_CACHE
    public static final java.lang.String USE_CUSTOM_TAIL
    public static final java.lang.String CUSTOM_TAIL_CONTENT
    public static final java.lang.String SHOW_IMAGE
tk.djcrazy.MyCC98.adapter.BaseItemListAdapter:
    40:40:public java.util.List getItems()
    49:50:public void setItem(int,java.lang.Object)
tk.djcrazy.MyCC98.adapter.HomeActionListAdapter
tk.djcrazy.MyCC98.adapter.HomeActionListAdapter$ViewHolder
tk.djcrazy.MyCC98.adapter.NewTopicListAdapter:
    private static final java.lang.String TAG
...
ch.boye.httpclientandroidlib.impl.client.cache.CacheEntity:
    private static final long serialVersionUID
    49:51:public CacheEntity(ch.boye.httpclientandroidlib.client.cache.HttpCacheEntry)
    95:95:public void consumeContent()
ch.boye.httpclientandroidlib.impl.client.cache.CacheEntryUpdater
ch.boye.httpclientandroidlib.impl.client.cache.CacheInvalidator
ch.boye.httpclientandroidlib.impl.client.cache.CacheKeyGenerator
ch.boye.httpclientandroidlib.impl.client.cache.CacheMap:
    private static final long serialVersionUID
    41:43:CacheMap(int)
ch.boye.httpclientandroidlib.impl.client.cache.CacheValidityPolicy
ch.boye.httpclientandroidlib.impl.client.cache.CacheableRequestPolicy
ch.boye.httpclientandroidlib.impl.client.cache.CachedHttpResponseGenerator
ch.boye.httpclientandroidlib.impl.client.cache.CachedResponseSuitabilityChecker
ch.boye.httpclientandroidlib.impl.client.cache.CachingHttpClient
ch.boye.httpclientandroidlib.impl.client.cache.CombinedEntity
ch.boye.httpclientandroidlib.impl.client.cache.CombinedEntity$ResourceStream
ch.boye.httpclientandroidlib.impl.client.cache.ConditionalRequestBuilder
ch.boye.httpclientandroidlib.impl.client.cache.DefaultHttpCacheEntrySerializer
ch.boye.httpclientandroidlib.impl.client.cache.FileResource:
    private static final long serialVersionUID
    private volatile boolean disposed
    52:55:public FileResource(java.io.File)
    58:58:synchronized java.io.File getFile()
    70:75:public synchronized void dispose()
ch.boye.httpclientandroidlib.impl.client.cache.FileResourceFactory
ch.boye.httpclientandroidlib.impl.client.cache.HeapResource:
    private static final long serialVersionUID
    48:50:public HeapResource(byte[])
    53:53:byte[] getByteArray()
    65:65:public void dispose()
ch.boye.httpclientandroidlib.impl.client.cache.HeapResourceFactory
ch.boye.httpclientandroidlib.impl.client.cache.HttpCache
ch.boye.httpclientandroidlib.impl.client.cache.IOUtils:
    40:40:IOUtils()
    52:55:static void closeSilently(java.io.Closeable)
    59:68:static void copyAndClose(java.io.InputStream,java.io.OutputStream)
    71:94:static void copyFile(java.io.File,java.io.File)
ch.boye.httpclientandroidlib.impl.client.cache.ManagedHttpCacheStorage
ch.boye.httpclientandroidlib.impl.client.cache.OptionsHttp11Response
ch.boye.httpclientandroidlib.impl.client.cache.RequestProtocolCompliance
ch.boye.httpclientandroidlib.impl.client.cache.RequestProtocolCompliance$1
ch.boye.httpclientandroidlib.impl.client.cache.ResourceReference
ch.boye.httpclientandroidlib.impl.client.cache.ResponseCachingPolicy
ch.boye.httpclientandroidlib.impl.client.cache.ResponseProtocolCompliance
ch.boye.httpclientandroidlib.impl.client.cache.SizeLimitedResponseReader
ch.boye.httpclientandroidlib.impl.client.cache.Variant
ch.boye.httpclientandroidlib.impl.client.cache.WarningValue
ch.boye.httpclientandroidlib.impl.conn.AbstractClientConnAdapter:
    132:135:protected final void assertNotAborted()
    183:185:public int getSocketTimeout()
    189:191:public ch.boye.httpclientandroidlib.HttpConnectionMetrics getMetrics()
    239:241:public java.net.InetAddress getLocalAddress()
    245:247:public int getLocalPort()
    334:339:public java.lang.Object removeAttribute(java.lang.String)
ch.boye.httpclientandroidlib.impl.conn.AbstractPooledConnAdapter:
    99:102:protected final void assertAttached()
    172:174:public java.lang.Object getState()
ch.boye.httpclientandroidlib.impl.conn.BasicClientConnectionManager:
    public static final java.lang.String MISUSE_MESSAGE
    233:241:public void closeExpiredConnections()
    244:259:public void closeIdleConnections(long,java.util.concurrent.TimeUnit)
ch.boye.httpclientandroidlib.impl.conn.BasicClientConnectionManager$1:
    134:134:public void abortRequest()
ch.boye.httpclientandroidlib.impl.conn.ConnectionShutdownException:
    private static final long serialVersionUID